{
  "RSpec": {
    "coverage": {
      "/Users/braddunlap/Desktop/jobs/vydia/brad_dunlap/spec/models/artist_spec.rb": {
        "lines": [
          null,
          1,
          null,
          1,
          1,
          2,
          2,
          2,
          null,
          null
        ]
      },
      "/Users/braddunlap/Desktop/jobs/vydia/brad_dunlap/spec/rails_helper.rb": {
        "lines": [
          null,
          1,
          1,
          null,
          1,
          1,
          null,
          1,
          1,
          null,
          null,
          null,
          null,
          null,
          null,
          null,
          null,
          null,
          null,
          null,
          null,
          null,
          null,
          null,
          null,
          null,
          null,
          null,
          null,
          1,
          null,
          0,
          null,
          1,
          null,
          1,
          null,
          null,
          null,
          null,
          1,
          null,
          null,
          null,
          null,
          null,
          null,
          null,
          null,
          null,
          null,
          null,
          null,
          null,
          null,
          null,
          null,
          null,
          1,
          null,
          null,
          1,
          null,
          null,
          null,
          null,
          1,
          1,
          1,
          1,
          null,
          null
        ]
      },
      "/Users/braddunlap/Desktop/jobs/vydia/brad_dunlap/config/environment.rb": {
        "lines": [
          null,
          1,
          null,
          null,
          1
        ]
      },
      "/Users/braddunlap/Desktop/jobs/vydia/brad_dunlap/config/application.rb": {
        "lines": [
          1,
          null,
          1,
          null,
          null,
          null,
          1,
          null,
          1,
          1,
          null,
          1,
          null,
          null,
          null,
          null,
          null,
          null,
          null,
          null,
          null,
          null
        ]
      },
      "/Users/braddunlap/Desktop/jobs/vydia/brad_dunlap/config/boot.rb": {
        "lines": [
          1,
          null,
          1,
          1
        ]
      },
      "/Users/braddunlap/Desktop/jobs/vydia/brad_dunlap/config/environments/test.rb": {
        "lines": [
          1,
          null,
          null,
          null,
          null,
          null,
          null,
          1,
          null,
          null,
          null,
          1,
          null,
          null,
          null,
          null,
          1,
          null,
          null,
          1,
          1,
          null,
          null,
          null,
          null,
          1,
          1,
          1,
          null,
          null,
          1,
          null,
          null,
          1,
          null,
          null,
          1,
          null,
          1,
          null,
          null,
          null,
          null,
          1,
          null,
          null,
          1,
          null,
          null,
          1,
          null,
          null,
          1,
          null,
          null,
          null,
          null,
          null,
          null,
          null
        ]
      },
      "/Users/braddunlap/Desktop/jobs/vydia/brad_dunlap/config/initializers/assets.rb": {
        "lines": [
          null,
          null,
          null,
          1,
          null,
          null,
          null,
          null,
          null,
          null,
          null,
          null,
          1
        ]
      },
      "/Users/braddunlap/Desktop/jobs/vydia/brad_dunlap/config/initializers/content_security_policy.rb": {
        "lines": [
          null,
          null,
          null,
          null,
          null,
          null,
          null,
          null,
          null,
          null,
          null,
          null,
          null,
          null,
          null,
          null,
          null,
          null,
          null,
          null,
          null,
          null,
          null,
          null,
          null
        ]
      },
      "/Users/braddunlap/Desktop/jobs/vydia/brad_dunlap/config/initializers/filter_parameter_logging.rb": {
        "lines": [
          null,
          null,
          null,
          null,
          null,
          1,
          null,
          null
        ]
      },
      "/Users/braddunlap/Desktop/jobs/vydia/brad_dunlap/config/initializers/inflections.rb": {
        "lines": [
          null,
          null,
          null,
          null,
          null,
          null,
          null,
          null,
          null,
          null,
          null,
          null,
          null,
          null,
          null,
          null
        ]
      },
      "/Users/braddunlap/Desktop/jobs/vydia/brad_dunlap/config/initializers/permissions_policy.rb": {
        "lines": [
          null,
          null,
          null,
          null,
          null,
          null,
          null,
          null,
          null,
          null,
          null
        ]
      },
      "/Users/braddunlap/Desktop/jobs/vydia/brad_dunlap/spec/factories/artists.rb": {
        "lines": [
          null,
          1,
          1,
          2,
          5,
          5,
          null,
          null
        ]
      },
      "/Users/braddunlap/Desktop/jobs/vydia/brad_dunlap/spec/factories/playlist_tracks.rb": {
        "lines": [
          null,
          1,
          1,
          1,
          1,
          null,
          null
        ]
      },
      "/Users/braddunlap/Desktop/jobs/vydia/brad_dunlap/spec/factories/playlists.rb": {
        "lines": [
          null,
          1,
          1,
          2,
          2,
          null,
          null
        ]
      },
      "/Users/braddunlap/Desktop/jobs/vydia/brad_dunlap/spec/factories/songs.rb": {
        "lines": [
          null,
          1,
          1,
          10,
          10,
          7,
          10,
          1,
          null,
          null
        ]
      },
      "/Users/braddunlap/Desktop/jobs/vydia/brad_dunlap/config/routes.rb": {
        "lines": [
          1,
          1,
          null,
          1,
          1,
          1,
          null,
          1,
          null,
          null,
          1,
          null,
          1,
          null
        ]
      },
      "/Users/braddunlap/Desktop/jobs/vydia/brad_dunlap/app/helpers/application_helper.rb": {
        "lines": [
          1,
          null
        ]
      },
      "/Users/braddunlap/Desktop/jobs/vydia/brad_dunlap/app/models/artist.rb": {
        "lines": [
          null,
          1,
          1,
          null,
          1,
          1,
          1,
          null
        ]
      },
      "/Users/braddunlap/Desktop/jobs/vydia/brad_dunlap/app/models/application_record.rb": {
        "lines": [
          1,
          1,
          null
        ]
      },
      "/Users/braddunlap/Desktop/jobs/vydia/brad_dunlap/spec/models/playlist_spec.rb": {
        "lines": [
          null,
          1,
          null,
          1,
          1,
          2,
          null,
          null,
          1,
          2,
          2,
          null,
          null,
          1,
          1,
          1,
          null,
          1,
          1,
          1,
          null,
          1,
          1,
          1,
          1,
          1,
          1,
          null,
          1,
          1,
          1,
          null,
          null,
          1,
          1,
          null,
          null,
          null,
          null
        ]
      },
      "/Users/braddunlap/Desktop/jobs/vydia/brad_dunlap/app/models/playlist.rb": {
        "lines": [
          1,
          1,
          1,
          1,
          null,
          1,
          null,
          1,
          1,
          null,
          null
        ]
      },
      "/Users/braddunlap/Desktop/jobs/vydia/brad_dunlap/spec/models/playlist_track_spec.rb": {
        "lines": [
          null,
          1,
          null,
          1,
          1,
          2,
          2,
          null,
          null
        ]
      },
      "/Users/braddunlap/Desktop/jobs/vydia/brad_dunlap/app/models/playlist_track.rb": {
        "lines": [
          1,
          1,
          1,
          null,
          1,
          1,
          null
        ]
      },
      "/Users/braddunlap/Desktop/jobs/vydia/brad_dunlap/spec/models/song_spec.rb": {
        "lines": [
          null,
          1,
          null,
          1,
          1,
          2,
          2,
          2,
          2,
          null,
          null,
          1,
          2,
          2,
          2,
          null,
          null,
          1,
          1,
          1,
          1,
          1,
          1,
          null,
          1,
          null,
          1,
          null,
          null,
          null
        ]
      },
      "/Users/braddunlap/Desktop/jobs/vydia/brad_dunlap/app/models/song.rb": {
        "lines": [
          1,
          1,
          1,
          1,
          null,
          1,
          1,
          1,
          1,
          null,
          null,
          1,
          1,
          null,
          null
        ]
      }
    },
    "timestamp": 1684876773
  }
}
